<?xml version="1.0" encoding="UTF-8"?>
<testng-results ignored="0" total="1" passed="1" failed="0" skipped="0">
  <reporter-output>
  </reporter-output>
  <suite started-at="2023-04-12T15:19:23 IST" name="Suite" finished-at="2023-04-12T15:20:05 IST" duration-ms="42026">
    <groups>
    </groups>
    <test started-at="2023-04-12T15:19:23 IST" name="Test" finished-at="2023-04-12T15:20:05 IST" duration-ms="42026">
      <class name="POM.POMTestcases">
        <test-method is-config="true" signature="setup()[pri:0, instance:POM.POMTestcases@635eaaf1]" started-at="2023-04-12T15:19:23 IST" name="setup" finished-at="2023-04-12T15:19:36 IST" duration-ms="13511" status="PASS">
          <reporter-output>
          </reporter-output>
        </test-method> <!-- setup -->
        <test-method signature="TestLogin()[pri:0, instance:POM.POMTestcases@635eaaf1]" started-at="2023-04-12T15:19:36 IST" name="TestLogin" finished-at="2023-04-12T15:19:57 IST" duration-ms="20682" status="PASS">
          <reporter-output>
          </reporter-output>
        </test-method> <!-- TestLogin -->
        <test-method is-config="true" signature="teardown()[pri:0, instance:POM.POMTestcases@635eaaf1]" started-at="2023-04-12T15:19:57 IST" name="teardown" finished-at="2023-04-12T15:20:05 IST" duration-ms="7673" status="PASS">
          <reporter-output>
          </reporter-output>
        </test-method> <!-- teardown -->
      </class> <!-- POM.POMTestcases -->
    </test> <!-- Test -->
  </suite> <!-- Suite -->
</testng-results>
