<?xml version="1.0" encoding="UTF-8"?>
<testng-results ignored="0" total="1" passed="1" failed="0" skipped="0">
  <reporter-output>
  </reporter-output>
  <suite started-at="2023-03-29T23:45:38 IST" name="Suite" finished-at="2023-03-29T23:46:06 IST" duration-ms="28049">
    <groups>
    </groups>
    <test started-at="2023-03-29T23:45:38 IST" name="Test" finished-at="2023-03-29T23:46:06 IST" duration-ms="28049">
      <class name="POM.POMTestcases">
        <test-method is-config="true" signature="setup()[pri:0, instance:POM.POMTestcases@5158b42f]" started-at="2023-03-29T23:45:38 IST" name="setup" finished-at="2023-03-29T23:45:57 IST" duration-ms="19428" status="PASS">
          <reporter-output>
          </reporter-output>
        </test-method> <!-- setup -->
        <test-method signature="TestLogin()[pri:0, instance:POM.POMTestcases@5158b42f]" started-at="2023-03-29T23:45:57 IST" name="TestLogin" finished-at="2023-03-29T23:46:04 IST" duration-ms="6782" status="PASS">
          <reporter-output>
          </reporter-output>
        </test-method> <!-- TestLogin -->
        <test-method is-config="true" signature="teardown()[pri:0, instance:POM.POMTestcases@5158b42f]" started-at="2023-03-29T23:46:04 IST" name="teardown" finished-at="2023-03-29T23:46:06 IST" duration-ms="1669" status="PASS">
          <reporter-output>
          </reporter-output>
        </test-method> <!-- teardown -->
      </class> <!-- POM.POMTestcases -->
    </test> <!-- Test -->
  </suite> <!-- Suite -->
</testng-results>
