<?xml version="1.0" encoding="UTF-8"?>
<testng-results ignored="0" total="1" passed="1" failed="0" skipped="0">
  <reporter-output>
  </reporter-output>
  <suite started-at="2023-03-21T13:25:44 IST" name="Default suite" finished-at="2023-03-21T13:25:58 IST" duration-ms="13425">
    <groups>
    </groups>
    <test started-at="2023-03-21T13:25:44 IST" name="Default test" finished-at="2023-03-21T13:25:58 IST" duration-ms="13425">
      <class name="POM.POMTestcases">
        <test-method is-config="true" signature="setup()[pri:0, instance:POM.POMTestcases@4fb0f2b9]" started-at="2023-03-21T13:25:45 IST" name="setup" finished-at="2023-03-21T13:25:54 IST" duration-ms="9815" status="PASS">
          <reporter-output>
          </reporter-output>
        </test-method> <!-- setup -->
        <test-method signature="TestLogin()[pri:0, instance:POM.POMTestcases@4fb0f2b9]" started-at="2023-03-21T13:25:54 IST" name="TestLogin" finished-at="2023-03-21T13:25:56 IST" duration-ms="1604" status="PASS">
          <reporter-output>
          </reporter-output>
        </test-method> <!-- TestLogin -->
        <test-method is-config="true" signature="teardown()[pri:0, instance:POM.POMTestcases@4fb0f2b9]" started-at="2023-03-21T13:25:56 IST" name="teardown" finished-at="2023-03-21T13:25:58 IST" duration-ms="1786" status="PASS">
          <reporter-output>
          </reporter-output>
        </test-method> <!-- teardown -->
      </class> <!-- POM.POMTestcases -->
    </test> <!-- Default test -->
  </suite> <!-- Default suite -->
</testng-results>
